<?xml version="1.0" encoding="UTF-8"?>
<testng-results ignored="0" total="1" passed="1" failed="0" skipped="0">
  <reporter-output>
  </reporter-output>
  <suite started-at="2023-04-18T06:00:02 EET" name="Default suite" finished-at="2023-04-18T06:00:04 EET" duration-ms="1979">
    <groups>
    </groups>
    <test started-at="2023-04-18T06:00:02 EET" name="Default test" finished-at="2023-04-18T06:00:04 EET" duration-ms="1979">
      <class name="ScreenShot">
        <test-method is-config="true" signature="startTest()[pri:0, instance:ScreenShot@3249a1ce]" started-at="2023-04-18T06:00:02 EET" name="startTest" finished-at="2023-04-18T06:00:03 EET" duration-ms="1604" status="PASS">
          <reporter-output>
          </reporter-output>
        </test-method> <!-- startTest -->
        <test-method signature="screenShotTest()[pri:0, instance:ScreenShot@3249a1ce]" started-at="2023-04-18T06:00:03 EET" name="screenShotTest" finished-at="2023-04-18T06:00:04 EET" duration-ms="330" status="PASS">
          <reporter-output>
          </reporter-output>
        </test-method> <!-- screenShotTest -->
        <test-method is-config="true" signature="endTest()[pri:0, instance:ScreenShot@3249a1ce]" started-at="2023-04-18T06:00:04 EET" name="endTest" finished-at="2023-04-18T06:00:04 EET" duration-ms="1" status="PASS">
          <reporter-output>
          </reporter-output>
        </test-method> <!-- endTest -->
      </class> <!-- ScreenShot -->
    </test> <!-- Default test -->
  </suite> <!-- Default suite -->
</testng-results>
